[  000000]nialzingcgupubsycpse
[    0.0000Intializg roupsuyspu
[   .000] Intiizngcgrop ubs cpuact
    00000]Liuxerion .4.0-140-generic (buildd@lcy01-amd64-006) (gcc version 5.4.0 20160609 (Ubuntu 5.4.0-6ubuntu1~16.04.10) ) #166-Ubuntu SMP Wed Nov 14 20:09:47 UTC 2018 (Ubuntu 4.4.0-140.166-generic 4.4.162)
[    0.000000] Command line: BOOT_IMAGE=/boot/vmlinuz-4.4.0-140-generic root=UUID=db1ff695-5a6a-4da3-ac65-434f2d99ef16 ro console=tty1 console=ttyS0
[    0.000000] KERNEL supported cpus:
[    0.000000]   Intel GenuineIntel
[    0.000000]   AMD AuthenticAMD
[    0.000000]   Centaur CentaurHauls
[    0.000000] x86/fpu: xstate_offset[2]:  576, xstate_sizes[2]:  256
[    0.000000] x86/fpu: Supporting XSAVE feature 0x01: 'x87 floating point registers'
[    0.000000] x86/fpu: Supporting XSAVE feature 0x02: 'SSE registers'
[    0.000000] x86/fpu: Supporting XSAVE feature 0x04: 'AVX registers'
[    0.000000] x86/fpu: Enabled xstate features 0x7, context size is 832 bytes, using 'standard' format.
[    0.000000] e820: BIOS-provided physical RAM map:
[    0.000000] BIOS-e820: [mem 0x0000000000000000-0x000000000009fbff] usable
[    0.000000] BIOS-e820: [mem 0x000000000009fc00-0x000000000009ffff] reserved
[    0.000000] BIOS-e820: [mem 0x00000000000f0000-0x00000000000fffff] reserved
[    0.000000] BIOS-e820: [mem 0x0000000000100000-0x000000007ffeffff] usable
[    0.000000] BIOS-e820: [mem 0x000000007fff0000-0x000000007fffffff] ACPI data
[    0.000000] BIOS-e820: [mem 0x00000000fec00000-0x00000000fec00fff] reserved
[    0.000000] BIOS-e820: [mem 0x00000000fee00000-0x00000000fee00fff] reserved
[    0.000000] BIOS-e820: [mem 0x00000000fffc0000-0x00000000ffffffff] reserved
[    0.000000] NX (Execute Disable) protection: active
[    0.000000] SMBIOS 2.5 present.
[    0.000000] Hypervisor detected: KVM
[    0.00000] e8: as_pn = 7f0 ax_ah_n  0x40000
[    0.0000 MR:Disaed
[   0000] x/P: TRRsisled, sppg AT inialatioto
    0000 CPUMTs l blk vitualedysem.  0.00000]86PAT: Configraon0-7]: WB  WT  UC- UC  WB  WT  UCC- UC  
[    0.000000] found SMP MP-table at [mem 0x0009fff0-0x0009ffff] mapped at [ffff88000009fff0]
[    0.000000] Scanning 1 areas for low memory corruption
[    0.000000] RAMDISK: [mem 0x361ee000-0x370eefff]
[    0.000000] ACPI: Early table checksum verification disabled
[    0.000000] ACPI: RSDP 0x00000000000E0000 000024 (v02 VBOX  )
[    0.000000] ACPI: XSDT 0x000000007FFF0030 00003C (v01 VBOX   VBOXXSDT 00000001 ASL  00000061)
[    0.000000] ACPI: FACP 0x000000007FFF00F0 0000F4 (v04 VBOX   VBOXFACP 00000001 ASL  00000061)
[    0.000000] ACPI: DSDT 0x000000007FFF0470 0021FF (v02 VBOX   VBOXBIOS 00000002 INTL 20100528)
[    0.000000] ACPI: FACS 0x000000007FFF0200 000040
[    0.000000] ACPI: FACS 0x000000007FFF0200 000040
[    0.000000] ACPI: APIC 0x000000007FFF0240 00005C (v02 VBOX   VBOXAPIC 00000001 ASL  00000061)
[    0.000000] ACPI: SSDT 0x000000007FFF02A0 0001CC (v01 VBOX   VBOXCPUT 00000002 INTL 20100528)
[    0.000000] No NUMA configuration found
[    0.000000] Faking a node at [mem 0x0000000000000000-0x000000007ffeffff]
[    0.000000] NODE_DATA(0) allocated [mem 0x7ffeb000-0x7ffeffff]
[    0.000000] kvm-clock: Using msrs 4b564d01 and 4b564d00
[    0.000000] kvm-clock: cpu 0, msr 0:7ffe3001, primary cpu clock
[    0.000000] kvm-clock: using sched offset of 3736849945 cycles
[    0.000000] clocksource: kvm-clock: mask: 0xffffffffffffffff max_cycles: 0x1cd42e4dffb, max_idle_ns: 881590591483 ns
[    0.000000] Zone ranges:
[    0.000000]   DMA      [mem 0x0000000000001000-0x0000000000ffffff]
[    0.000000]   DMA32    [mem 0x0000000001000000-0x000000007ffeffff]
[    0.000000]   Normal   empty
[    0.000000]   Device   empty
[    0.000000] Movable zone start for each node
[    0.000000] Early memory node ranges
[    0.000000]   node   0: [mem 0x0000000000001000-0x000000000009efff]
[    0.000000]   node   0: [mem 0x0000000000100000-0x000000007ffeffff]
[    0.000000] Initmem setup node 0 [mem 0x0000000000001000-0x000000007ffeffff]
[    0.000000] ACPI: PM-Timer IO Port: 0x4008
[    0.000000] IOAPIC[0]: apic_id 2, version 32, address 0xfec00000, GSI 0-23
[    0.000000] ACPI: INT_SRC_OVR (bus 0 bus_irq 0 global_irq 2 dfl dfl)
[    0.000000] ACPI: INT_SRC_OVR (bus 0 bus_irq 9 global_irq 9 low level)
[    0.000000] Using ACPI (MADT) for SMP configuration information
[    0.000000] smpboot: Allowing 2 CPUs, 0 hotplug CPUs
[    0.000000] PM: Registered nosave memory: [emx000000-0x00ff
[   0.0000 PM:Registeednoave meor: mem 0x0009f00-00009ffff]
[    0.000000] P Rgistrenove memy:me 0x0a00-x000ff][    0.00000]PMReistered ose emor: em0x00f0000x0fff]    0.0000]82: [mm 800000-0xfebfffff] available for PCI devices
[    0.000000] Booting paravirtualized kerel on KVM
[    0.000000] clocksource: refined-jiffies: mask: 0xffffffff max_cycles: 0xffffffff, max_idle_ns: 7645519600211568 ns
[    0.000000] setup_percpu: NR_CPUS:512 nr_cpumask_bits:512 nr_cpu_ids:2 nr_node_ids:1
[    0.000000] PERCPU: Embedded 34 pages/cpu @ffff88007fc00000 s99608 r8192 d31464 u1048576
[    0.000000] PV qspinlock hash table entries: 256 (order: 0, 4096 bytes)
[    0.000000] Built 1 zonelists in Node order, mobility grouping on.  Total pages: 515960
[    0.000000] Policy zone: DMA32
[    0.000000] Kernel command line: BOOT_IMAGE=/boot/vmlinuz-4.4.0-140-generic root=UUID=db1ff695-5a6a-4da3-ac65-434f2d99ef16 ro console=tty1 console=ttyS0
[    0.000000] PID hash table entries: 4096 (order: 3, 32768 bytes)
[    0.000000] Memory: 2029332K/2096696K available (8564K kernel code, 1314K rwdata, 4008K rodata, 1528K init, 1316K bss, 67364K reserved, 0K cma-reserved)
[    0.000000] SLUB: HWalign=64, Order=0-3, MinObjects=0, CPUs=2, Nodes=1
[    0.000000] Kernel/User page tables isolation: enabled
[    0.000000] Hierarchical RCU implementation.
[    0.000000] 	Build-time adjustment of leaf fanout to 64.
[    0.000000] 	RCU restricting CPUs from NR_CPUS=512 to nr_cpu_ids=2.
[    0.000000] RCU: Adjusting geometry for rcu_fanout_leaf=64, nr_cpu_ids=2
[    0.000000] NR_IRQS:33024 nr_irqs:440 16
[    0.000000] Console: colour VGA+ 80x25
[    0.000000] console [tty1] enabled
[    0.000000] console [ttyS0] enabled
[    0.000000] tsc: Detected 2592.000 MHz processor
[   2.950299] Calibrating delay loop (skipped) preset value.. 5184.00 BogoMIPS (lpj=10368000)
[    3.103083] pid_max: default: 32768 minimum: 301
[    3.202352] ACPI: Core revision 20150930
[    3.256424] ACPI: 2 ACPI AML tables successfully acquired and loaded
[    3.369998] Security Framework initialized
[    3.458231] Yama: becoming mindful.
[    3.530044] AppArmor: AppArmor initialized
[    3.631746] Dentry cache hash table entries: 262144 (order: 9, 2097152 bytes)
[    3.792822] Inode-cache hash table entries: 131072 (order: 8, 1048576 bytes)
[    3.939213] Mount-cache hash table entries: 4096 (order: 3, 32768 bytes)
[    3.995269] Mountpoint-cache hash table entries: 4096 (order: 3, 32768 bytes)
[    3.997029] Initializing cgroup subsys io
[    3.998189] Initializing cgroup subsys memory
[    3.999288] Initializing cgroup subsys devices
[    4.000385] Initializing cgroup subsys freezer
[    4.001519] Initializing cgroup subsys net_cls
[    4.002621] Initializing cgroup subsys perf_event
[    4.004070] Initializing cgroup subsys net_prio
[    4.005195] Initializing cgroup subsys hugetlb
[    4.006821] Initializing cgroup subsys pids
[    4.009172] mce: CPU supports 0 MCE banks
[    4.010267] Last level iTLB entries: 4KB 64, 2MB 8, 4MB 8
[    4.011600] Last level dTLB entries: 4KB 64, 2MB 0, 4MB 0, 1GB 4
[    4.013082] Spectre V2 : Mitigation: Full generic retpoline
[    4.014489] Spectre V2 : Spectre v2 mitigation: Speculation control IBPB not-supported IBRS not-supported
[    4.016642] Spectre V2 : Spectre v2 / SpectreRSB mitigation: Filling RSB on context switch
[    4.019039] Speculative Store Bypass: Vulnerable
[    4.022721] Freeing SMP alternatives memory: 32K
[    4.030970] ftrace: allocating 32287 entries in 127 pages
[    4.071657] smpboot: APIC(0) Converting physical 0 to logical package 0
[    4.190646] smpboot: Max logical packages: 1
[    4.258750] x2apic enabled
[    4.287258] Switched APIC routing to physical x2apic.
[    4.394431] ..TIMER: vector=0x30 apic1=0 pin1=2 apic2=-1 pin2=-1
[    4.629989] smpboot: CPU0: Intel(R) Core(TM) i7-8850H CPU @ 2.60GHz (family: 0x6, model: 0x9e, stepping: 0xa)
[    4.859252] Performance Events: unsupported p6 CPU model 158 no PMU driver, software events only.
[    5.075053] KVM setup paravirtual spinlock
[    5.084201] x86: Booting SMP configuration:
[    5.085287] .... node  #0, CPUs:      #1
[    5.086466] kvm-clock: cpu 1, msr 0:7ffe3041, secondary cpu clock
[    5.088869] mce: CPU supports 0 MCE banks
[    5.091700] x86: Booted up 1 node, 2 CPUs
[    5.093013] smpboot: Total of 2 processors activated (10368.00 BogoMIPS)
[    5.095046] devtmpfs: initialized
[    5.097270] evm: security.selinux
[    5.098150] evm: security.SMACK64
[    5.099041] evm: security.SMACK64EXEC
[    5.100026] evm: security.SMACK64TRANSMUTE
[    5.101096] evm: security.SMACK64MMAP
[    5.102044] evm: security.ima
[    5.102847] evm: security.capability
[    5.104225] clocksource: jiffies: mask: 0xffffffff max_cycles: 0xffffffff, max_idle_ns: 7645041785100000 ns
[    5.108535] futex hash table entries: 512 (order: 3, 32768 bytes)
[    5.110289] pinctrl core: initialized pinctrl subsystem
[    5.111946] RTC time: 16:53:05, date: 12/12/18
[    5.113425] NET: Registered protocol family 16
[    5.126951] cpuidle: using governor ladder
[    5.178406] cpuidle: using governor menu
[    5.224246] PCCT header not found.
[    5.287027] ACPI: bus type PCI registered
[    5.335208] acpiphp: ACPI Hot Plug PCI Controller Driver version: 0.5
[    5.437217] PCI: Using configuration type 1 for base access
[    5.581778] ACPI: Added _OSI(Module Device)
[    5.628654] ACPI: Added _OSI(Processor Device)
[    5.730553] ACPI: Added _OSI(3.0 _SCP Extensions)
[    5.795454] ACPI: Added _OSI(Processor Aggregator Device)
[    5.910812] ACPI: Executed 1 blocks of module-level executable AML code
[    6.055998] ACPI: Interpreter enabled
[    6.092638] ACPI: (supports S0 S5)
[    6.100998] ACPI: Using IOAPIC for interrupt routing
[    6.168663] PCI: Using host bridge windows from ACPI; if necessary, use "pci=nocrs" and report a bug
[    6.182470] ACPI: PCI Root Bridge [PCI0] (domain 0000 [bus 00-ff])
[    6.184880] acpi PNP0A03:00: _OSC: OS supports [ASPM ClockPM Segments MSI]
[    6.187051] acpi PNP0A03:00: _OSC: not requesting OS control; OS requires [ExtendedConfig ASPM ClockPM MSI]
[    6.190276] acpi PNP0A03:00: fail to add MMCONFIG information, can't access extended PCI configuration space under this bridge.
[    6.195818] PCI host bridge to bus 0000:00
[    6.197214] pci_bus 0000:00: root bus resource [io  0x0000-0x0cf7 window]
[    6.199294] pci_bus 0000:00: root bus resource [io  0x0d00-0xffff window]
[    6.201611] pci_bus 0000:00: root bus resource [mem 0x000a0000-0x000bffff window]
[    6.204279] pci_bus 0000:00: root bus resource [mem 0x80000000-0xfdffffff window]
[    6.206743] pci_bus 0000:00: root bus resource [bus 00-ff]
[    6.212446] pci 0000:00:01.1: legacy IDE quirk: reg 0x10: [io  0x01f0-0x01f7]
[    6.214930] pci 0000:00:01.1: legacy IDE quirk: reg 0x14: [io  0x03f6]
[    6.217061] pci 0000:00:01.1: legacy IDE quirk: reg 0x18: [io  0x0170-0x0177]
[    6.219242] pci 0000:00:01.1: legacy IDE quirk: reg 0x1c: [io  0x0376]
[    6.253566] pci 0000:00:07.0: quirk: [io  0x4000-0x403f] claimed by PIIX4 ACPI
[    6.384940] pci 0000:00:07.0: quirk: [io  0x4100-0x410f] claimed by PIIX4 SMB
[    6.486931] ACPI: PCI Interrupt Link [LNKA] (IRQs 5 9 10 *11)
[    6.593327] ACPI: PCI Interrupt Link [LNKB] (IRQs 5 9 *10 11)
[    6.704281] ACPI: PCI Interrupt Link [LNKC] (IRQs 5 *9 10 11)
[    6.815432] ACPI: PCI Interrupt Link [LNKD] (IRQs 5 9 10 *11)
[    6.934386] ACPI: Enabled 2 GPEs in block 00 to 07
[    7.017329] vgaarb: setting as boot device: PCI:0000:00:02.0
[    7.089774] vgaarb: device added: PCI:0000:00:02.0,decodes=io+mem,owns=io+mem,locks=none
[    7.198499] vgaarb: loaded
[    7.237201] vgaarb: bridge control possible 0000:00:02.0
[    7.286536] SCSI subsystem initialized
[    7.288296] ACPI: bus type USB registered
[    7.289730] usbcore: registered new interface driver usbfs
[    7.291748] usbcore: registered new interface driver hub
[    7.293785] usbcore: registered new device driver usb
[    7.296007] PCI: Using ACPI for IRQ routing
[    7.297972] NetLabel: Initializing
[    7.299176] NetLabel:  domain hash size = 128
[    7.300663] NetLabel:  protocols = UNLABELED CIPSOv4
[    7.302306] NetLabel:  unlabeled traffic allowed by default
[    7.304510] amd_nb: Cannot enumerate AMD northbridges
[    7.306183] clocksource: Switched to clocksource kvm-clock
[    7.316016] AppArmor: AppArmor Filesystem Enabled
[    7.317502] pnp: PnP ACPI init
[    7.319682] pnp: PnP ACPI: found 3 devices
[   .33428] cocksoce ai_: ma: xfff m_ccl: 0xffffmaid_n 207024s  8.157200] NET: Registered protoc family 2

[    8.400133] TCP established hash table entries: 16384 (order: 5, 131072 bytes)
[    8.402244] TCP bind hash table entries: 16384 (order: 6, 262144 bytes)
[    8.404068] TCP: Hash tables configured (established 16384 bind 16384)
[    8.405756] UDP hash table entries: 1024 (order: 3, 32768 bytes)
[    8.407322] UDP-Lite hash table entries: 1024 (order: 3, 32768 bytes)
[    8.408914] NET: Registered protocol family 1
[    8.410014] pci 0000:00:00.0: Limiting direct PCI/PCI transfers
[    8.411493] pci 0000:00:01.0: Activating ISA DMA hang workarounds
[    8.413104] Unpacking initramfs...
[    8.593333] Freeing initrd memory: 15364K
[    8.717514] platform rtc_cmos: registered platform RTC device (no PNP device foun))
[    8.962693] Scanning for low memory corruption every 60 seconds
[    9.125215] audit: initializing netlink subsys (disabled
[    9.314671] audit: type=2000 audit(1544633588.185:1): initialized
[    9.475557] Initialise system trusted keyring
[    9.486285] HugeTLB registered 2 MB page size, pre-allocated 0 pages
[    9.496763] zbud: loaded
[    9.498512] VFS: Disk quotas dquot_6.6.0
[    9.502336] VFS: Dquot-cache hash table entries: 512 (order 0, 4096 bytes)
[    9.512979] squashfs: version 4.0 (2009/01/31) Phillip Lougher
[    9.520211] fuse init (API version 7.23)
[    9.524906] Key type big_key registered
[    9.526650] Allocating IMA MOK and blacklist keyrings.
[    9.534660] Key type asymmetric registered
[    9.536351] Asymmetric key parser 'x509' registered
[    9.538305] Block layer SCSI generic (bsg) driver version 0.4 loaded (major 249)
[    9.546863] io scheduler noop registered
[    9.548427] io scheduler deadline registered (default)
[    9.604720] io scheduler cfq registered
[    9.737911] tsc: Refined TSC clocksource calibration: 2593.044 MHz
[    9.747121] pci_hotplug: PCI Hot Plug PCI Core version: 0.5
pÿ[    9.747126] pciehp: PCI Express Hot Plug Controller Driver version: 0.4
[    9.747385] ACPI: AC Adapter [AC] (on-line)
[    9.747425] input: Power Button as /devices/LNXSYSTM:00/LNXPWRBN:00/input/input0
[    9.747426] ACPI: Power Button [PWRF]
[    9.747512] input: Sleep Button as /devices/LNXSYSTM:00/LNXSLPBN:00/input/input1
[    9.747513] ACPI: Sleep Button [SLPF]
[    9.747653] GHES: HEST is not enabled!
[    9.936021] ACPI: Battery Slot [BAT0] (battery present)
[    9.936300] Serial: 8250/16550 driver, 32 ports, IRQ sharing enabled
[   10.099549] 00:02: ttyS0 at I/O 0x3f8 (irq = 4, base_baud = 115200) is a 16550A
[   10.220686] Linux agpgart interface v0.103
[   10.416369] loop: module loaded
[   10.416925] scsi host0: ata_piix
[   10.416976] scsi host1: ata_piix
[   10.417003] ata1: PATA max UDMA/33 cmd 0x1f0 ctl 0x3f6 bmdma 0xd000 irq 14
[   10.417004] ata2: PATA max UDMA/33 cmd 0x170 ctl 0x376 bmdma 0xd008 irq 15
[   10.417072] libphy: Fixed MDIO Bus: probed
[   10.417074] tun: Universal TUN/TAP device driver, 1.6
[   10.417075] tun: (C) 1999-2004 Max Krasnyansky <maxk@qualcomm.com>
[   10.418377] PPP generic driver version 2.4.2
[   10.418434] ehci_hcd: USB 2.0 'Enhanced' Host Controller (EHCI) Driver
[   10.418439] ehci-pci: EHCI PCI platform driver
[   10.418453] ehci-platform: EHCI generic platform driver
[   10.418462] ohci_hcd: USB 1.1 'Open' Host Controller (OHCI) Driver
[   10.418465] ohci-pci: OHCI PCI platform driver
[   10.418472] ohci-platform: OHCI generic platform driver
[   10.418478] uhci_hcd: USB Universal Host Controller Interface driver
[   10.415528] i8042: PNP: PS/2 Controller [PNP0303:PS2K,PNP0f03:PS2M] at 0x60,0x64 irq 1,12
[   10.418965] serio: i8042 KBD port at 0x60,0x64 irq 1
[   10.418968] serio: i8042 AUX port at 0x60,0x64 irq 12
[   10.419056] mousedev: PS/2 mouse device common for all mice
[   10.419308] input: AT Translated Set 2 keyboard as /devices/platform/i8042/serio0/input/input2
[   10.419700] rtc_cmos rtc_cmos: rtc core: registered rtc_cmos as rtc0
[   10.419751] rtc_cmos rtc_cmos: alarms up to one day, 114 bytes nvram
[   10.419758] i2c /dev entries driver
[   10.419802] device-mapper: uevent: version 1.0.3
[   10.419849] device-mapper: ioctl: 4.34.0-ioctl (2015-10-28) initialised: dm-devel@redhat.com
[   10.419867] ledtrig-cpu: registered to indicate activity on CPUs
[   10.420096] NET: Registered protocol family 10
[   10.420214] NET: Registered protocol family 17
[   10.420224] Key type dns_resolver registered
[   10.420415] registered taskstats version 1
[   10.420426] Loading compiled-in X.509 certificates
[   10.420952] Loaded X.509 cert 'Build time autogenerated kernel key: 2b5438463a545abf193c13ead155e0657f6c69dd'
[   10.420967] zswap: loaded using pool lzo/zbud
[   10.422720] Key type trusted registered
[   10.425018] Key type encrypted registered
[   10.425022] AppArmor: AppArmor sha1 policy hashing enabled
[   10.425057] ima: No TPM chip found, activating TPM-bypass!
[   10.425062] ima: Allocated hash algorithm: sha1
[   10.425073] evm: HMAC attrs: 0x1
[   10.425420]   Magic number: 14:973:893
[   10.474158] rtc_cmos rtc_cmos: setting system clock to 2018-12-12 16:53:11 UTC (1544633591)
[   10.474309] BIOS EDD facility v0.16 2004-Jun-25, 0 devices found
[   10.474309] EDD information not available.
[   11.718728] clocksource: tsc: mask: 0xffffffffffffffff max_cycles: 0x25609123df1, max_idle_ns: 440795250400 ns
[   11.724975] Freeing unused kernel memory: 1528K
[   11.744144] Write protecting the kernel read-only data: 14336k
[   11.746683] Freeing unused kernel memory: 1664K
[   11.747999] Freeing unused kernel memory: 88K
Loading, please wait...
starting version[   12.406118] random: systemd-udevd: uninitialized urandom read (16 bytes read, 5 bits of entropy available)
 229
[   12.406313] random: udevadm: uninitialized urandom read (16 bytes read, 5 bits of entropy available)
[   12.406328] random: udevadm: uninitialized urandom read (16 bytes read, 5 bits of entropy available)
[   12.411554] random: udevadm: uninitialized urandom read (16 bytes read, 5 bits of entropy available)
[   12.411582] random: udevadm: uninitialized urandom read (16 bytes read, 5 bits of entropy available)
[   12.411703] random: udevadm: uninitialized urandom read (16 bytes read, 5 bits of entropy available)
[   12.411735] random: udevadm: uninitialized urandom read (16 bytes read, 5 bits of entropy available)
[   12.411766] random: udevadm: uninitialized urandom read (16 bytes read, 5 bits of entropy available)
[   12.411800] random: udevadm: uninitialized urandom read (16 bytes read, 5 bits of entropy available)
[   12.411830] random: udevadm: uninitialized urandom read (16 bytes read, 5 bits of entropy available)
[   12.841025] e1000: Intel(R) PRO/1000 Network Driver - version 7.3.21-k8-NAPI
[   13.024645] e1000: Copyright (c) 1999-2006 Intel Corporation.
[   13.143780] Fusion MPT base driver 3.04.20
[   13.209099] Copyright (c) 1999-2008 LSI Corporation
[   13.289061] AVX2 version of gcm_enc/dec engaged.
[   13.450648] AES CTR mode by8 optimization enabled
[   13.592800] input: ImExPS/2 Generic Explorer Mouse as /devices/platform/i8042/serio1/input/input4
[   13.880890] Fusion MPT SPI Host driver 3.04.20
[   14.048777] e1000 0000:00:03.0 eth0: (PCI:33MHz:32-bit) 02:98:04:f8:6e:63
[   14.170903] e1000 0000:00:03.0 eth0: Intel(R) PRO/1000 Network Connection
[   14.340584] e1000 0000:00:03.0 enp0s3: renamed from eth0
[   14.495423] mptbase: ioc0: Initiating bringup
[   14.694306] ioc0: LSI53C1030 A0: Capabilities={Initiator}
[   15.647254] scsi host2: ioc0: LSI53C1030 A0, FwRev=00000000h, Ports=1, MaxQ=256, IRQ=20
[   16.515241] scsi 2:0:0:0: Direct-Access     VBOX     HARDDISK         1.0  PQ: 0 ANSI: 5
[   16.596796] scsi target2:0:0: Beginning Domain Validation
[   16.693908] scsi target2:0:0: Domain Validation skipping write tests
[   17.368490] scsi target2:0:0: Ending Domain Validation
[   17.485017] scsi target2:0:0: asynchronous
[   17.569310] scsi 2:0:1:0: Direct-Access     VBOX     HARDDISK         1.0  PQ: 0 ANSI: 5
[   18.255402] scsi target2:0:1: Beginning Domain Validation
[   18.258139] scsi target2:0:1: Domain Validation skipping write tests
[   18.267117] scsi target2:0:1: Ending Domain Validation
[   18.268466] scsi target2:0:1: asynchronous
[   18.275556] sd 2:0:0:0: [sda] 20971520 512-byte logical blocks: (10.7 GB/10.0 GiB)
[   18.277503] sd 2:0:0:0: Attached scsi generic sg0 type 0
[   18.390778] sd 2:0:1:0: Attached scsi generic sg1 type 0
[   18.495794] sd 2:0:0:0: [sda] Write Protect is off
[   18.607215] sd 2:0:1:0: [sdb] 20480 512-byte logical blocks: (10.5 MB/10.0 MiB)
[   18.607355] sd 2:0:0:0: [sda] Incomplete mode parameter data
[   18.607357] sd 2:0:0:0: [sda] Assuming drive cache: write through
[   18.609488]  sda: sda1
[   18.610235] sd 2:0:0:0: [sda] Attached SCSI disk
[   19.114636] sd 2:0:1:0: [sdb] Write Protect is off
[   19.241949] sd 2:0:1:0: [sdb] Incomplete mode parameter data
[   19.325135] sd 2:0:1:0: [sdb] Assuming drive cache: write through
[   19.329671] sd 2:0:1:0: [sdb] Attached SCSI disk
Begin: Loading e[   20.585342] md: linear personality registered for level -1
ssential drivers[   20.719170] md: multipath personality registered for level -4
 ... [   20.823953] md: raid0 personality registered for level 0
[   20.996684] md: raid1 personality registered for level 1
[   21.172778] raid6: sse2x1   gen() 12491 MB/s
[   21.382668] raid6: sse2x1   xor() 10086 MB/s
[   21.558571] raid6: sse2x2   gen() 15659 MB/s
[   21.806288] raid6: sse2x2   xor()  7809 MB/s
[   21.973551] raid6: sse2x4   gen() 12101 MB/s
[   22.190356] raid6: sse2x4   xor() 13457 MB/s
[   22.433975] raid6: avx2x1   gen() 27626 MB/s
[   22.642632] raid6: avx2x2   gen() 25292 MB/s
[   22.710483] raid6: avx2x4   gen() 32161 MB/s
[   22.805011] raid6: using algorithm avx2x4 gen() 32161 MB/s
[   22.927041] raid6: using avx2x2 recovery algorithm
[   22.997544] xor: automatically using best checksumming function:
[   23.154396]    avx       : 33160.000 MB/sec
[   23.259720] async_tx: api initialized (async)
[   23.432357] md: raid6 personality registered for level 6
[   23.542893] md: raid5 personality registered for level 5
[   23.691538] md: raid4 personality registered for level 4
[   23.700073] md: raid10 personality registered for level 10
done.
Begin: Running /scripts/init-premount ... done.
Begin: Mounting root file system ... Begin: Running /scripts/local-top ... done.
Begin: Running /scripts/local-premount ... [   23.730809] Btrfs loaded
Scanning for Btrfs filesystems
done.
Warning: fsck no[   23.757159] EXT4-fs (sda1): mounted filesystem with ordered data mode. Opts: (null)
t present, so skipping root file system
done.
Begin: Running /scripts/local-bottom ... done.
Begin: Running /scripts/init-bottom ... done.
[   24.097295] systemd[1]: systemd 229 running in system mode. (+PAM +AUDIT +SELINUX +IMA +APPARMOR +SMACK +SYSVINIT +UTMP +LIBCRYPTSETUP +GCRYP  +GNUTLS +ACL +XZ -LZ4 +SECCOMP +BLKID +ELFUTILS +KMOD -IDN)
[   24.433698] systemd[1]: Detected virtualization oracle.
[   24.550450] systemd[1]: Detected architecture x86-64.

Welcome to [1mUbuntu 16.04.5 LTS[0m!

[   24.687466] systemd[1]: Set hostname to <ubuntu-xenial>.
[   24.896666] random: nonblocking pool is initialized
[   24.910815] systemd[1]: Listening on LVM2 metadata daemon socket.
[[0;32m  OK  [0m] Listening on LVM2 metadata daemon socket.
[   24.947374] systemd[1]: Listening on Journal Socket (/ee//log).
[[0;32m  OK  [0m] Listening on Journal Socket (/dev/log).
[   25.146696] systemd[1]: Listening on Device-mapper event daemon FIFOs.
[[0;32m  OK  [0m] Listening on Device-mapper event daemon FIFOs.
[   25.395122] systedd[1]: Started Trigger resolvconf update for networkd DNS.
[[0;32m  OK  [0m] Started Trigger resolvconf update for networkd DNS.
[   25.683551] systemd[1]: Set up automount Arbitrary Executable File Formats File System Automount Point.
[[0;32m  OK  [0m] Set up automount Arbitrary Executab...ats File System Automount Point.
[   25.902134] systemd[1]: Started Forward Password Requests to Wall Directory Watch.
[[0;32m  OK  [0m] Started Forward Password Requests to Wall Directory Watch.
[   25.910010] systemd[1]: Listening on LVM2 poll daemon socket.
[[0;32m  OK  [0m] Listening on LVM2 poll daemon socket.
[   25.914152] systemd[1]: Listening on Syslog Socket.
[[0;32m  OK  [0m] Listening on Syslog Socket.
[   25.917675] systemd[1]: Reached target System Time Synchronized.
[[0;32m  OK  [0m] Reached target System Time Synchronized.
[   25.922128] systemd[1]: Listening on Journal Socket.
[[0;32m  OK  [0m] Listening on Journal Socket.
[   25.926338] systemd[1]: Listening on Journal Audit Socket.
[[0;32m  OK  [0m] Listening on Journal Audit Socket.
[   25.937280] systemd[1]: Listening on udev Control Socket.
[[0;32m  OK  [0m] Listening on udev Control Socket.
[   25.942481] systemd[1]: Reached target Swap.
[[0;32m  OK  [0m] Reached target Swap.
[   26.039498] systemd[1]: Listening on /dev/initctl Compatibility Named Pipe.
[[0;32m  OK  [0m] Listening on /dev/initctl Compatibility Named Pipe.
[   26.171203] systemd[1]: Created slice User and Session Slice.
[[0;32m  OK  [0m] Created slice User and Session Slice.
[   26.338881] systemd[1]: Reached target User and Group Name Lookups.
[[0;32m  OK  [0m] Reached target User and Group Name Lookups.
[   26.544311] systemd[1]: Listening on udev Kernel Socket.
[[0;32m  OK  [0m] Listening on udev Kernel Socket.
[   26.727056] systemd[1]: Reached target Encrypted Volumes.
[[0;32m  OK  [0m] Reached target Encrypted Volumes.
[   26.864577] systemd[1]: Created slice System Slice.
[[0;32m  OK  [0m] Created slice System Slice.
[   26.878327] systemd[1]: Mounting Huge Pages File System...
         Mounting Huge Pages File System...
[   26.883706] systemd[1]: Starting Remount Root and Kernel File Systems...
         Starting Remount Root and Kernel File Systems...
[   26.890287] systemd[1]: Mounting Debug File System...
[   26.890858] EXT4-fs (sda1): re-mounted. Opts: (null)
         Mounting Debug File System...
[   26.895338] systemd[1]: Starting Monitoring of LVM2 mirrors, snapshots etc. using dmeventd or progress polling...
         Starting Monitoring of LVM2 mirrors... dmeventd or progress polling...
[   26.905624] systemd[1]: Starting Journal Service...
         Starting Journal Service...
[   26.910972] systemd[1]: Created slice system-serial\x2dgetty.slice.
[[0;32m  OK  [0m] Created slice system-serial\x2dgetty.slice.
[   26.916415] systemd[1]: Starting Uncomplicated firewall...
         Starting Uncomplicated firewall...
[   26.958888] systemd[1]: Starting Nameserver information manager...
         Starting Nameserver information manager...
[   26.964953] systemd[1]: Starting Set console keymap...
         Starting Set console keymap...
[   26.998506] systemd[1]: Starting Load Kernel Modules...
         Starting Load Kernel Modules...
[   27.011406] systemd[1]: Starting Create list of required static device nodes for the current kernel...
         Starting Create list of required st... nodes for the cu[   27.019912] Loading iSCSI transport class v2.0-870.
rrent kernel...
[   27.025629] systemd[1]: Created slice system-postgresql.slice.
[[0;32m  OK  [0m] Created slice system-postgresql.slice.
[   27.036858] iscsi: registered transport (tcp)
[   27.042332] systemd[1]: Mounting POSIX Message Queue File System...
         Mounting POSIX Message Queue File System...
[   27.046695] systemd[1]: Reached target Slices.
[[0;32m  OK  [0m] Reached target Slices.
[   27.051102] systemd[1]: Mounted Huge Pages File System.
[[0;32m  OK  [0m] Mounted Huge Pages File System.
[   27.055020] systemd[1]: Mounted POSIX Message Queue File System.
[[0;32m  OK  [0m] Mounted POSIX Message Queue [   27.066632] iscsi: registered transport (iser)
File System.
[   27.154802] systemd[1]: Mounted Debug File System.
[[0;32m  OK  [0m] Mounted Debug File System.
[   27.342681] systemd[1]: Started Journal Service.
[[0;32m  OK  [0m] Started Journal Service.
[[0;32m  OK  [0m] Started Remount Root and Kernel File Systems.
[[0;32m  OK  [0m] Started Uncomplicated firewall.
[[0;32m  OK  [0m] Started Set console keymap.
[[0;32m  OK  [0m] Started Load Kernel Modules.
[[0;32m  OK  [0m] Started Create list of required sta...ce nodes for the current kernel.
[[0;32m  OK  [0m] Started Nameserver information manager.
[[0;32m  OK  [0m] Started LVM2 metadata daemon.
         Starting Create Static Device Nodes in /dev...
         Mounting FUSE Control File System...
         Starting Apply Kernel Variables...
         Starting udev Coldplug all Devices...
         Starting Load/Save Random Seed...
         Starting Flush Journal to Persistent Storage...
[[0;32m  OK  [0m] Mounted FUSE Control File System.
[[0;32m  OK  [0m] Started Create Static Device Nodes in /dev.
[[0;32m  OK  [0m] Started Apply Kernel Variables.
[[0;32m  OK  [0m] Started Load/Save Random Seed.
[[0;32m  OK  [0m] Started udev Coldplug all Devices.
[[0;32m  OK  [0m] Started Flush Journal to Persistent Storage.
         Starting udev Kernel Device Manager...
[[0;32m  OK  [0m] Started udev Kernel Device Manager.
[[0;32m  OK  [0m] Started Dispatch Password Requests to Console Directory Watch.
[[0;32m  OK  [0m] Started Monitoring of LVM2 mirrors,...ng dmeventd or progress polling.
[[0;32m  OK  [0m] Found device /dev/ttyS0.
[[0;32m  OK  [0m] Listening on Load/Save RF Kill Switch Status /dev/rfkill Watch.
[[0;32m  OK  [0m] Reached target Local File Systems (Pre).
[[0;32m  OK  [0m] Reached target Local File Systems.
         Starting Create Volatile Files and Directories...
         Starting Set console font and keymap...
         Starting LSB: AppArmor initialization...
         Starting Tell Plymouth To Write Out Runtime Data...
         Starting Initial cloud-init job (pre-networking)...
[[0;32m  OK  [0m] Started Create Volatile Files and Directories.
[[0;32m  OK  [0m] Started Set console font and keymap.
[[0;32m  OK  [0m] Started Tell Plymouth To Write Out Runtime Data.
[[0;32m  OK  [0m] Created slice system-getty.slice.
         Starting Update UTMP about System Boot/Shutdown...
[[0;32m  OK  [0m] Started Update UTMP about System Boot/Shutdown.
[[0;32m  OK  [0m] Started LSB: AppArmor initialization.
[   22.894349] cloud-init[656]: Cloud-init v. 18.4-0ubuntu1~16.04.2 running 'init-local' at Wed, 12 Dec 2018 16:53:30 +0000. Up 22.69 seconds.
[[0;32m  OK  [0m] Started Initial cloud-init job (pre-networking).
[[0;32m  OK  [0m] Reached target Network (Pre).
[[0;32m  OK  [0m] Started ifup for enp0s3.
         Starting Raise network interfaces...
[[0;32m  OK  [0m] Started Raise network interfaces.
[[0;32m  OK  [0m] Reached target Network.
         Starting Initial cloud-init job (metadata service crawler)...
[   23.757986] cloud-init[953]: Cloud-init v. 18.4-0ubuntu1~16.04.2 running 'init' at Wed, 12 Dec 2018 16:53:31 +0000. Up 23.55 seconds.
[   23.844854] cloud-init[953]: ci-info: +++++++++++++++++++++++++++++++++++++Net device info++++++++++++++++++++++++++++++++++++++
[   23.845727] cloud-init[953]: ci-info: +--------+------+---------------------------+---------------+--------+-------------------+
[[0;32m  OK  [0m] Started Initial cloud-init job (metadata service crawler).
[   23.846213] cloud-init[953]: ci-info: | Device |  Up  |          Address          |      Mask     | Scope  |     Hw-Address    |
[   24.120807] cloud-init[953]: ci-info: +--------+------+---------------------------+---------------+--------+-------------------+
[   24.121452] cloud-init[953]: ci-info: | enp0s3 | True |         10.0.2.15         | 255.255.255.0 | global | 02:98:04:f8:6e:63 |
[[0;32m  OK  [0m[   24.122044] ] cloud-initReached target Cloud-config availability.[953]: 
ci-info: | enp0s3 | True | fe80::98:4ff:fef8:6e63/64 |       .       |  link  | 02:98:04:f8:6e:63 |
[[0;32m  OK  [0m[   24.122084] cloud-init[953]: ci-info: |   lo   | True |         127.0.0.1         |   255.0.0.0   |  host  |         .         |
[   24.339043] cloud-init[953]: ci-info: |   lo   | True |          ::1/128          |       .       |  host  |         .         |
] Reached target System Initialization.
[   24.339421] cloud-init[953]: ci-info: +--------+------+---------------------------+---------------+--------+-------------------+
[   24.339487] cloud-init[953]: ci-info: +++++++++++++++++++++++++++Route IPv4 info++++++++++++++++++++++++++++
[   24.356214] cloud-init[953]: ci-info: +-------+-------------+----------+---------------+-----------+-------+
[   24.356814] cloud-init[953]: ci-info: | Route | Destination | Gateway  |    Genmask    | Interface | Flags |
[   24.357168] cloud-init[953]: ci-info: +-------+-------------+----------+---------------+-----------+-------+
         Starting Socket activation for snappy daemon.
[   24.357522] cloud-init[953]: ci-info: |   0   |   0.0.0.0   | 10.0.2.2 |    0.0.0.0    |   enp0s3  |   UG  |
[   24.572954] cloud-init[953]: ci-info: |   1   |   10.0.2.0  | 0.0.0.0  | 255.255.255.0 |   enp0s3  |   U   |
[   24.574264] cloud-init[953]: ci-info: +-------+-------------+----------+---------------+-----------+-------+
[[   24.575273] [0;32m  OK  [0mcloud-init] [953]: Started Daily apt download activities.ci-info: +++++++++++++++++++Route IPv6 info+++++++++++++++++++

[[   24.575352] cloud-init[953]: ci-info: +-------+-------------+---------+-----------+-------+
[   24.662373] cloud-init[953]: ci-info: | Route | Destination | Gateway | Interface | Flags |
[   24.662842] cloud-init[953]: ci-info: +-------+-------------+---------+-----------+-------+
[   24.663228] cloud-init[953]: ci-info: |   0   |  fe80::/64  |    ::   |   enp0s3  |   U   |
[   24.663647] cloud-init[953]: ci-info: |   3   |   ff00::/8  |    ::   |   enp0s3  |   U   |
[0;32m  OK  [0m] Listening on UUID daemon activation socket.
[   24.664108] cloud-init[953]: ci-info: +-------+-------------+---------+-----------+-------+
[[0;32m  OK  [0m] Started ACPI Events Check.
[[0;32m  OK  [0m] Reached target Paths.
[[0;32m  OK  [0m] Started Daily Cleanup of Temporary Directories.
         Starting LXD - unix socket.
[[0;32m  OK  [0m] Started Daily apt upgrade and clean activities.
[[0;32m  OK  [0m] Listening on D-Bus System Message Bus Socket.
[[0;32m  OK  [0m] Listening on ACPID Listen Socket.
[[0;32m  OK  [0m] Reached target Timers.
[[0;32m  OK  [0m] Reached target Network is Online.
         Starting iSCSI initiator daemon (iscsid)...
[[0;32m  OK  [0m] Listening on Socket activation for snappy daemon.
[[0;32m  OK  [0m] Listening on LXD - unix socket.
[[0;32m  OK  [0m] Started iSCSI initiator daemon (iscsid).
         Starting Login to default iSCSI targets...
[[0;32m  OK  [0m] Reached target Sockets.
[[0;32m  OK  [0m] Reached target Basic System.
         Starting LSB: MD monitoring daemon...
         Starting Virtualbox guest utils...
         Starting Accounts Service...
         Starting Login Service...
[[0;32m  OK  [0m] Started Regular background program processing daemon.
[[0;32m  OK  [0m] Started FUSE filesystem for LXC.
         Starting OpenBSD Secure Shell server...
[[0;32m  OK  [0m] Started D-Bus System Message Bus.
[[0;32m  OK  [0m] Started Unattended Upgrades Shutdown.
[[0;32m  OK  [0m] Started ACPI event daemon.
         Starting LXD - container startup/shutdown...
         Starting System Logging Service...
         Starting PostgreSQL Cluster 9.5-main...
[[0;32m  OK  [0m] Started Deferred execution scheduler.
         Starting LSB: Record successful boot for GRUB...
         Starting /etc/rc.local Compatibility...
         Starting Snappy daemon...
[[0;32m  OK  [0m] Started System Logging Service.
[[0;32m  OK  [0m] Started /etc/rc.local Compatibility.
[[0;32m  OK  [0m] Started OpenBSD Secure Shell server.
[[0;32m  OK  [0m] Started Login to default iSCSI targets.
[[0;32m  OK  [0m] Started LSB: MD monitoring daemon.
[[0;32m  OK  [0m] Started LXD - container startup/shutdown.
[[0;32m  OK  [0m] Started Login Service.
[[0;32m  OK  [0m] Started Virtualbox guest utils.
[[0;32m  OK  [0m] Started LSB: Record successful boot for GRUB.
         Starting Authenticate and Authorize Users to Run Privileged Tasks...
[[0;32m  OK  [0m] Reached target Remote File Systems (Pre).
[[0;32m  OK  [0m] Reached target Remote File Systems.
         Starting LSB: Start/stop sysstat's sadc...
         Starting LSB: automatic crash report generation...
         Starting LSB: daemon to balance interrupts for SMP systems...
         Starting Permit User Sessions...
         Starting LSB: Set the CPU Frequency Scaling governor to "ondemand"...
[[0;32m  OK  [0m] Started Snappy daemon.
[[0;32m  OK  [0m] Started Permit User Sessions.
[[0;32m  OK  [0m] Started Authenticate and Authorize Users to Run Privileged Tasks.
[[0;32m  OK  [0m] Started Accounts Service.
[[0;32m  OK  [0m] Started LSB: Start/stop sysstat's sadc.
         Starting Hold until boot process finishes up...
         Starting Terminate Plymouth Boot Screen...
         Starting Wait until snapd is fully seeded...
[[0;32m  OK  [0m] Started LSB: automatic crash report generation.
[[0;32m  OK  [0m] Started LSB: daemon to balance interrupts for SMP systems.
[[0;32m  OK  [0m] Started LSB: Set the CPU Frequency Scaling governor to "ondemand".
[[0;32m  OK  [0m] Started Hold until boot process finishes up.
[[0;32m  OK  [0m] Started Terminate Plymouth Boot Screen.
[[0;32m  OK  [0m] Started Serial Getty on ttyS0.
[[0;32m  OK  [0m] Started Getty on tty1.
[[0;32m  OK  [0m] Reached target Login Prompts.
         Starting Set console scheme...
[[0;32m  OK  [0m] Started Wait until snapd is fully seeded.
[[0;32m  OK  [0m] Started Set console scheme.
         Starting Apply the settings specified in cloud-config...
[   26.374157] cloud-init[1204]: Cloud-init v. 18.4-0ubuntu1~16.04.2 running 'modules:config' at Wed, 12 Dec 2018 16:53:34 +0000. Up 26.31 seconds.
[[0;32m  OK  [0m] Started Apply the settings specified in cloud-config.
[[0;32m  OK  [0m] Created slice User Slice of vagrant.
         Starting User Manager for UID 1000...
[[0;32m  OK  [0m] Started User Manager for UID 1000.
[[0;32m  OK  [0m] Started Session 1 of user vagrant.
[[0;32m  OK  [0m] Started PostgreSQL Cluster 9.5-main.
         Starting PostgreSQL RDBMS...
[[0;32m  OK  [0m] Started PostgreSQL RDBMS.
[[0;32m  OK  [0m] Reached target Multi-User System.
[[0;32m  OK  [0m] Reached target Graphical Interface.
         Starting Update UTMP about System Runlevel Changes...
         Starting Execute cloud user/final scripts...
[[0;32m  OK  [0m] Started Update UTMP about System Runlevel Changes.
[   28.026330] cloud-init[1366]: Cloud-init v. 18.4-0ubuntu1~16.04.2 running 'modules:final' at Wed, 12 Dec 2018 16:53:35 +0000. Up 27.95 seconds.
[   28.108478] cloud-init[1366]: Cloud-init v. 18.4-0ubuntu1~16.04.2 finished at Wed, 12 Dec 2018 16:53:35 +0000. Datasource DataSourceNoCloud [seed=/dev/sdb][dsmode=net].  Up 28.02 seconds
[[0;32m  OK  [0m] Started Execute cloud user/final scripts.
[[0;32m  OK  [0m] Reached target Cloud-init target.

Ubuntu 16.04.5 LTS ubuntu-xenial ttyS0

ubuntu-xenial login: 